Arguments: 
  C:\Program Files\nodejs\node.exe C:\Users\akint\AppData\Roaming\npm\node_modules\yarn\bin\yarn.js add --dev hardhat

PATH: 
  C:\Windows\system32;C:\Windows;C:\Windows\System32\Wbem;C:\Windows\System32\WindowsPowerShell\v1.0\;C:\Windows\System32\OpenSSH\;C:\Program Files\Git\cmd;C:\Users\akint\AppData\Roaming\nvm;C:\Program Files\nodejs;C:\Program Files\dotnet\;C:\Users\akint\AppData\Local\Microsoft\WindowsApps;C:\Users\akint\AppData\Local\Programs\Microsoft VS Code\bin;C:\Users\akint\AppData\Roaming\npm;C:\Users\akint\AppData\Roaming\nvm;C:\Program Files\nodejs;C:\Users\akint\.dotnet\tools

Yarn version: 
  1.22.19

Node version: 
  16.15.1

Platform: 
  win32 x64

Trace: 
  Error: getaddrinfo ENOTFOUND registry.yarnpkg.com
      at GetAddrInfoReqWrap.onlookup [as oncomplete] (node:dns:71:26)

npm manifest: 
  {
    "name": "crowdfunding-hardhat",
    "version": "1.0.0",
    "main": "index.js",
    "repository": "https://github.com/LanreAkintayo/crowdfunding-hardhat.git",
    "author": "Lanre Akintayo <akintayolanre2019@gmail.com>",
    "license": "MIT"
  }

yarn manifest: 
  No manifest

Lockfile: 
  No lockfile
